This is pdfTeX, Version 3.141592653-2.6-1.40.25 (MiKTeX 24.1) (preloaded format=pdflatex 2024.10.23)  23 MAY 2025 09:58
entering extended mode
 restricted \write18 enabled.
 file:line:error style messages enabled.
 %&-line parsing enabled.
**"c:/Users/Hp/OneDrive/Praktikum Jarkom/praktikum-jarkom-main/LA_2_Muhammad Zidane Faiq Sidqi_5024231040/LA.tex"
(c:/Users/Hp/OneDrive/Praktikum Jarkom/praktikum-jarkom-main/LA_2_Muhammad Zidane Faiq Sidqi_5024231040/LA.tex
LaTeX2e <2023-11-01> patch level 1
L3 programming layer <2024-01-04>
(C:\Users\Hp\AppData\Local\Programs\MiKTeX\tex/latex/base\article.cls
Document Class: article 2023/05/17 v1.4n Standard LaTeX document class
(C:\Users\Hp\AppData\Local\Programs\MiKTeX\tex/latex/base\size11.clo
File: size11.clo 2023/05/17 v1.4n Standard LaTeX file (size option)
)
\c@part=\count187
\c@section=\count188
\c@subsection=\count189
\c@subsubsection=\count190
\c@paragraph=\count191
\c@subparagraph=\count192
\c@figure=\count193
\c@table=\count194
\abovecaptionskip=\skip48
\belowcaptionskip=\skip49
\bibindent=\dimen140
) (C:\Users\Hp\AppData\Local\Programs\MiKTeX\tex/latex/comment\comment.sty
\CommentStream=\write3
 Excluding comment 'comment') (C:\Users\Hp\AppData\Local\Programs\MiKTeX\tex/latex/enumitem\enumitem.sty
Package: enumitem 2019/06/20 v3.9 Customized lists
\enitkv@toks@=\toks17
\labelindent=\skip50
\enit@outerparindent=\dimen141
\enit@toks=\toks18
\enit@inbox=\box51
\enit@count@id=\count195
\enitdp@description=\count196
) (C:\Users\Hp\AppData\Local\Programs\MiKTeX\tex/latex/transparent\transparent.sty
Package: transparent 2022-10-27 v1.5 Transparency with color stacks
 (C:\Users\Hp\AppData\Local\Programs\MiKTeX\tex/latex/transparent\transparent-nometadata.sty
Package: transparent-nometadata 2022-10-27 v1.5 Transparency via pdfTeX's color stack (HO)
 (C:\Users\Hp\AppData\Local\Programs\MiKTeX\tex/generic/iftex\iftex.sty
Package: iftex 2022/02/03 v1.0f TeX engine tests
) (C:\Users\Hp\AppData\Local\Programs\MiKTeX\tex/latex/auxhook\auxhook.sty
Package: auxhook 2019-12-17 v1.6 Hooks for auxiliary files (HO)
))) (C:\Users\Hp\AppData\Local\Programs\MiKTeX\tex/latex/listings\listings.sty (C:\Users\Hp\AppData\Local\Programs\MiKTeX\tex/latex/graphics\keyval.sty
Package: keyval 2022/05/29 v1.15 key=value parser (DPC)
\KV@toks@=\toks19
)
\lst@mode=\count197
\lst@gtempboxa=\box52
\lst@token=\toks20
\lst@length=\count198
\lst@currlwidth=\dimen142
\lst@column=\count199
\lst@pos=\count266
\lst@lostspace=\dimen143
\lst@width=\dimen144
\lst@newlines=\count267
\lst@lineno=\count268
\lst@maxwidth=\dimen145
 (C:\Users\Hp\AppData\Local\Programs\MiKTeX\tex/latex/listings\lstmisc.sty
File: lstmisc.sty 2023/02/27 1.9 (Carsten Heinz)
\c@lstnumber=\count269
\lst@skipnumbers=\count270
\lst@framebox=\box53
) (C:\Users\Hp\AppData\Local\Programs\MiKTeX\tex/latex/listings\listings.cfg
File: listings.cfg 2023/02/27 1.9 listings configuration
))
Package: listings 2023/02/27 1.9 (Carsten Heinz)
 (C:\Users\Hp\AppData\Local\Programs\MiKTeX\tex/latex/amsmath\amsmath.sty
Package: amsmath 2023/05/13 v2.17o AMS math features
\@mathmargin=\skip51

For additional information on amsmath, use the `?' option.
(C:\Users\Hp\AppData\Local\Programs\MiKTeX\tex/latex/amsmath\amstext.sty
Package: amstext 2021/08/26 v2.01 AMS text
 (C:\Users\Hp\AppData\Local\Programs\MiKTeX\tex/latex/amsmath\amsgen.sty
File: amsgen.sty 1999/11/30 v2.0 generic functions
\@emptytoks=\toks21
\ex@=\dimen146
)) (C:\Users\Hp\AppData\Local\Programs\MiKTeX\tex/latex/amsmath\amsbsy.sty
Package: amsbsy 1999/11/29 v1.2d Bold Symbols
\pmbraise@=\dimen147
) (C:\Users\Hp\AppData\Local\Programs\MiKTeX\tex/latex/amsmath\amsopn.sty
Package: amsopn 2022/04/08 v2.04 operator names
)
\inf@bad=\count271
LaTeX Info: Redefining \frac on input line 234.
\uproot@=\count272
\leftroot@=\count273
LaTeX Info: Redefining \overline on input line 399.
LaTeX Info: Redefining \colon on input line 410.
\classnum@=\count274
\DOTSCASE@=\count275
LaTeX Info: Redefining \ldots on input line 496.
LaTeX Info: Redefining \dots on input line 499.
LaTeX Info: Redefining \cdots on input line 620.
\Mathstrutbox@=\box54
\strutbox@=\box55
LaTeX Info: Redefining \big on input line 722.
LaTeX Info: Redefining \Big on input line 723.
LaTeX Info: Redefining \bigg on input line 724.
LaTeX Info: Redefining \Bigg on input line 725.
\big@size=\dimen148
LaTeX Font Info:    Redeclaring font encoding OML on input line 743.
LaTeX Font Info:    Redeclaring font encoding OMS on input line 744.
\macc@depth=\count276
LaTeX Info: Redefining \bmod on input line 905.
LaTeX Info: Redefining \pmod on input line 910.
LaTeX Info: Redefining \smash on input line 940.
LaTeX Info: Redefining \relbar on input line 970.
LaTeX Info: Redefining \Relbar on input line 971.
\c@MaxMatrixCols=\count277
\dotsspace@=\muskip16
\c@parentequation=\count278
\dspbrk@lvl=\count279
\tag@help=\toks22
\row@=\count280
\column@=\count281
\maxfields@=\count282
\andhelp@=\toks23
\eqnshift@=\dimen149
\alignsep@=\dimen150
\tagshift@=\dimen151
\tagwidth@=\dimen152
\totwidth@=\dimen153
\lineht@=\dimen154
\@envbody=\toks24
\multlinegap=\skip52
\multlinetaggap=\skip53
\mathdisplay@stack=\toks25
LaTeX Info: Redefining \[ on input line 2953.
LaTeX Info: Redefining \] on input line 2954.
) (C:\Users\Hp\AppData\Local\Programs\MiKTeX\tex/latex/graphics\graphicx.sty
Package: graphicx 2021/09/16 v1.2d Enhanced LaTeX Graphics (DPC,SPQR)
 (C:\Users\Hp\AppData\Local\Programs\MiKTeX\tex/latex/graphics\graphics.sty
Package: graphics 2022/03/10 v1.4e Standard LaTeX Graphics (DPC,SPQR)
 (C:\Users\Hp\AppData\Local\Programs\MiKTeX\tex/latex/graphics\trig.sty
Package: trig 2021/08/11 v1.11 sin cos tan (DPC)
) (C:\Users\Hp\AppData\Local\Programs\MiKTeX\tex/latex/graphics-cfg\graphics.cfg
File: graphics.cfg 2016/06/04 v1.11 sample graphics configuration
)
Package graphics Info: Driver file: pdftex.def on input line 107.
 (C:\Users\Hp\AppData\Local\Programs\MiKTeX\tex/latex/graphics-def\pdftex.def
File: pdftex.def 2022/09/22 v1.2b Graphics/color driver for pdftex
))
\Gin@req@height=\dimen155
\Gin@req@width=\dimen156
) (C:\Users\Hp\AppData\Local\Programs\MiKTeX\tex/latex/caption\caption.sty
Package: caption 2023/08/05 v3.6o Customizing captions (AR)
 (C:\Users\Hp\AppData\Local\Programs\MiKTeX\tex/latex/caption\caption3.sty
Package: caption3 2023/07/31 v2.4d caption3 kernel (AR)
\caption@tempdima=\dimen157
\captionmargin=\dimen158
\caption@leftmargin=\dimen159
\caption@rightmargin=\dimen160
\caption@width=\dimen161
\caption@indent=\dimen162
\caption@parindent=\dimen163
\caption@hangindent=\dimen164
Package caption Info: Standard document class detected.
)
\c@caption@flags=\count283
\c@continuedfloat=\count284
Package caption Info: listings package is loaded.
) (C:\Users\Hp\AppData\Local\Programs\MiKTeX\tex/generic/babel\babel.sty
Package: babel 2024/01/07 v24.1 The Babel package
\babel@savecnt=\count285
\U@D=\dimen165
\l@unhyphenated=\language79
 (C:\Users\Hp\AppData\Local\Programs\MiKTeX\tex/generic/babel\txtbabel.def)
\bbl@readstream=\read2
\bbl@dirlevel=\count286

*************************************
* Local config file bblopts.cfg used
*
(C:\Users\Hp\AppData\Local\Programs\MiKTeX\tex/latex/arabi\bblopts.cfg
File: bblopts.cfg 2005/09/08 v0.1 add Arabic and Farsi to "declared" options of babel
) (C:\Users\Hp\AppData\Local\Programs\MiKTeX\tex/latex/babel-indonesian\bahasa.ldf
Language: bahasa 2017/02/15 v1.0m Bahasa Indonesia support from the babel system
 (C:\Users\Hp\AppData\Local\Programs\MiKTeX\tex/latex/babel-indonesian\indonesian.ldf
Language: indonesian 2017/02/15 v1.0m Bahasa Indonesia support from the babel system
))) (C:\Users\Hp\AppData\Local\Programs\MiKTeX\tex/latex/float\float.sty
Package: float 2001/11/08 v1.3d Float enhancements (AL)
\c@float@type=\count287
\float@exts=\toks26
\float@box=\box56
\@float@everytoks=\toks27
\@floatcapt=\box57
) (C:\Users\Hp\AppData\Local\Programs\MiKTeX\tex/latex/tools\verbatim.sty
Package: verbatim 2023-11-06 v1.5v LaTeX2e package for verbatim enhancements
\every@verbatim=\toks28
\verbatim@line=\toks29
\verbatim@in@stream=\read3
) (C:\Users\Hp\AppData\Local\Programs\MiKTeX\tex/latex/tools\tabularx.sty
Package: tabularx 2023/07/08 v2.11c `tabularx' package (DPC)
 (C:\Users\Hp\AppData\Local\Programs\MiKTeX\tex/latex/tools\array.sty
Package: array 2023/10/16 v2.5g Tabular extension package (FMi)
\col@sep=\dimen166
\ar@mcellbox=\box58
\extrarowheight=\dimen167
\NC@list=\toks30
\extratabsurround=\skip54
\backup@length=\skip55
\ar@cellbox=\box59
)
\TX@col@width=\dimen168
\TX@old@table=\dimen169
\TX@old@col=\dimen170
\TX@target=\dimen171
\TX@delta=\dimen172
\TX@cols=\count288
\TX@ftn=\toks31
) (C:\Users\Hp\AppData\Local\Programs\MiKTeX\tex/latex/multirow\multirow.sty
Package: multirow 2021/03/15 v2.8 Span multiple rows of a table
\multirow@colwidth=\skip56
\multirow@cntb=\count289
\multirow@dima=\skip57
\bigstrutjot=\dimen173
) (C:\Users\Hp\AppData\Local\Programs\MiKTeX\tex/latex/xcolor\xcolor.sty
Package: xcolor 2023/11/15 v3.01 LaTeX color extensions (UK)
 (C:\Users\Hp\AppData\Local\Programs\MiKTeX\tex/latex/graphics-cfg\color.cfg
File: color.cfg 2016/01/02 v1.6 sample color configuration
)
Package xcolor Info: Driver file: pdftex.def on input line 274.
 (C:\Users\Hp\AppData\Local\Programs\MiKTeX\tex/latex/graphics\mathcolor.ltx)
Package xcolor Info: Model `cmy' substituted by `cmy0' on input line 1350.
Package xcolor Info: Model `hsb' substituted by `rgb' on input line 1354.
Package xcolor Info: Model `RGB' extended on input line 1366.
Package xcolor Info: Model `HTML' substituted by `rgb' on input line 1368.
Package xcolor Info: Model `Hsb' substituted by `hsb' on input line 1369.
Package xcolor Info: Model `tHsb' substituted by `hsb' on input line 1370.
Package xcolor Info: Model `HSB' substituted by `hsb' on input line 1371.
Package xcolor Info: Model `Gray' substituted by `gray' on input line 1372.
Package xcolor Info: Model `wave' substituted by `hsb' on input line 1373.
) (C:\Users\Hp\AppData\Local\Programs\MiKTeX\tex/latex/caption\subcaption.sty
Package: subcaption 2023/07/28 v1.6b Sub-captions (AR)
Package caption Info: New subtype `subfigure' on input line 238.
\c@subfigure=\count290
Package caption Info: New subtype `subtable' on input line 238.
\c@subtable=\count291
) (C:\Users\Hp\AppData\Local\Programs\MiKTeX\tex/latex/setspace\setspace.sty
Package: setspace 2022/12/04 v6.7b set line spacing
) (C:\Users\Hp\AppData\Local\Programs\MiKTeX\tex/latex/hyperref\hyperref.sty
Package: hyperref 2023-11-26 v7.01g Hypertext links for LaTeX
 (C:\Users\Hp\AppData\Local\Programs\MiKTeX\tex/generic/infwarerr\infwarerr.sty
Package: infwarerr 2019/12/03 v1.5 Providing info/warning/error messages (HO)
) (C:\Users\Hp\AppData\Local\Programs\MiKTeX\tex/latex/kvsetkeys\kvsetkeys.sty
Package: kvsetkeys 2022-10-05 v1.19 Key value parser (HO)
) (C:\Users\Hp\AppData\Local\Programs\MiKTeX\tex/generic/kvdefinekeys\kvdefinekeys.sty
Package: kvdefinekeys 2019-12-19 v1.6 Define keys (HO)
) (C:\Users\Hp\AppData\Local\Programs\MiKTeX\tex/generic/pdfescape\pdfescape.sty
Package: pdfescape 2019/12/09 v1.15 Implements pdfTeX's escape features (HO)
 (C:\Users\Hp\AppData\Local\Programs\MiKTeX\tex/generic/ltxcmds\ltxcmds.sty
Package: ltxcmds 2023-12-04 v1.26 LaTeX kernel commands for general use (HO)
) (C:\Users\Hp\AppData\Local\Programs\MiKTeX\tex/generic/pdftexcmds\pdftexcmds.sty
Package: pdftexcmds 2020-06-27 v0.33 Utility functions of pdfTeX for LuaTeX (HO)
Package pdftexcmds Info: \pdf@primitive is available.
Package pdftexcmds Info: \pdf@ifprimitive is available.
Package pdftexcmds Info: \pdfdraftmode found.
)) (C:\Users\Hp\AppData\Local\Programs\MiKTeX\tex/latex/hycolor\hycolor.sty
Package: hycolor 2020-01-27 v1.10 Color options for hyperref/bookmark (HO)
) (C:\Users\Hp\AppData\Local\Programs\MiKTeX\tex/latex/letltxmacro\letltxmacro.sty
Package: letltxmacro 2019/12/03 v1.6 Let assignment for LaTeX macros (HO)
) (C:\Users\Hp\AppData\Local\Programs\MiKTeX\tex/latex/hyperref\nameref.sty
Package: nameref 2023-11-26 v2.56 Cross-referencing by name of section
 (C:\Users\Hp\AppData\Local\Programs\MiKTeX\tex/latex/refcount\refcount.sty
Package: refcount 2019/12/15 v3.6 Data extraction from label references (HO)
) (C:\Users\Hp\AppData\Local\Programs\MiKTeX\tex/generic/gettitlestring\gettitlestring.sty
Package: gettitlestring 2019/12/15 v1.6 Cleanup title references (HO)
 (C:\Users\Hp\AppData\Local\Programs\MiKTeX\tex/latex/kvoptions\kvoptions.sty
Package: kvoptions 2022-06-15 v3.15 Key value format for package options (HO)
))
\c@section@level=\count292
) (C:\Users\Hp\AppData\Local\Programs\MiKTeX\tex/latex/etoolbox\etoolbox.sty
Package: etoolbox 2020/10/05 v2.5k e-TeX tools for LaTeX (JAW)
\etb@tempcnta=\count293
)
\@linkdim=\dimen174
\Hy@linkcounter=\count294
\Hy@pagecounter=\count295
 (C:\Users\Hp\AppData\Local\Programs\MiKTeX\tex/latex/hyperref\pd1enc.def
File: pd1enc.def 2023-11-26 v7.01g Hyperref: PDFDocEncoding definition (HO)
Now handling font encoding PD1 ...
... no UTF-8 mapping file for font encoding PD1
) (C:\Users\Hp\AppData\Local\Programs\MiKTeX\tex/generic/intcalc\intcalc.sty
Package: intcalc 2019/12/15 v1.3 Expandable calculations with integers (HO)
)
\Hy@SavedSpaceFactor=\count296
 (C:\Users\Hp\AppData\Local\Programs\MiKTeX\tex/latex/hyperref\puenc.def
File: puenc.def 2023-11-26 v7.01g Hyperref: PDF Unicode definition (HO)
Now handling font encoding PU ...
... no UTF-8 mapping file for font encoding PU
)
Package hyperref Info: Option `colorlinks' set `true' on input line 4064.
Package hyperref Info: Hyper figures OFF on input line 4181.
Package hyperref Info: Link nesting OFF on input line 4186.
Package hyperref Info: Hyper index ON on input line 4189.
Package hyperref Info: Plain pages OFF on input line 4196.
Package hyperref Info: Backreferencing OFF on input line 4201.
Package hyperref Info: Implicit mode ON; LaTeX internals redefined.
Package hyperref Info: Bookmarks ON on input line 4448.
\c@Hy@tempcnt=\count297
 (C:\Users\Hp\AppData\Local\Programs\MiKTeX\tex/latex/url\url.sty
\Urlmuskip=\muskip17
Package: url 2013/09/16  ver 3.4  Verb mode for urls, etc.
)
LaTeX Info: Redefining \url on input line 4786.
\XeTeXLinkMargin=\dimen175
 (C:\Users\Hp\AppData\Local\Programs\MiKTeX\tex/generic/bitset\bitset.sty
Package: bitset 2019/12/09 v1.3 Handle bit-vector datatype (HO)
 (C:\Users\Hp\AppData\Local\Programs\MiKTeX\tex/generic/bigintcalc\bigintcalc.sty
Package: bigintcalc 2019/12/15 v1.5 Expandable calculations on big integers (HO)
))
\Fld@menulength=\count298
\Field@Width=\dimen176
\Fld@charsize=\dimen177
Package hyperref Info: Hyper figures OFF on input line 6065.
Package hyperref Info: Link nesting OFF on input line 6070.
Package hyperref Info: Hyper index ON on input line 6073.
Package hyperref Info: backreferencing OFF on input line 6080.
Package hyperref Info: Link coloring ON on input line 6083.
Package hyperref Info: Link coloring with OCG OFF on input line 6090.
Package hyperref Info: PDF/A mode OFF on input line 6095.
 (C:\Users\Hp\AppData\Local\Programs\MiKTeX\tex/latex/base\atbegshi-ltx.sty
Package: atbegshi-ltx 2021/01/10 v1.0c Emulation of the original atbegshi
package with kernel methods
)
\Hy@abspage=\count299
\c@Item=\count300
\c@Hfootnote=\count301
)
Package hyperref Info: Driver (autodetected): hpdftex.
 (C:\Users\Hp\AppData\Local\Programs\MiKTeX\tex/latex/hyperref\hpdftex.def
File: hpdftex.def 2023-11-26 v7.01g Hyperref driver for pdfTeX
 (C:\Users\Hp\AppData\Local\Programs\MiKTeX\tex/latex/base\atveryend-ltx.sty
Package: atveryend-ltx 2020/08/19 v1.0a Emulation of the original atveryend package
with kernel methods
)
\Fld@listcount=\count302
\c@bookmark@seq@number=\count303
 (C:\Users\Hp\AppData\Local\Programs\MiKTeX\tex/latex/rerunfilecheck\rerunfilecheck.sty
Package: rerunfilecheck 2022-07-10 v1.10 Rerun checks for auxiliary files (HO)
 (C:\Users\Hp\AppData\Local\Programs\MiKTeX\tex/generic/uniquecounter\uniquecounter.sty
Package: uniquecounter 2019/12/15 v1.4 Provide unlimited unique counter (HO)
)
Package uniquecounter Info: New unique counter `rerunfilecheck' on input line 285.
)
\Hy@SectionHShift=\skip58
) (C:\Users\Hp\AppData\Local\Programs\MiKTeX\tex/latex/geometry\geometry.sty
Package: geometry 2020/01/02 v5.9 Page Geometry
 (C:\Users\Hp\AppData\Local\Programs\MiKTeX\tex/generic/iftex\ifvtex.sty
Package: ifvtex 2019/10/25 v1.7 ifvtex legacy package. Use iftex instead.
)
\Gm@cnth=\count304
\Gm@cntv=\count305
\c@Gm@tempcnt=\count306
\Gm@bindingoffset=\dimen178
\Gm@wd@mp=\dimen179
\Gm@odd@mp=\dimen180
\Gm@even@mp=\dimen181
\Gm@layoutwidth=\dimen182
\Gm@layoutheight=\dimen183
\Gm@layouthoffset=\dimen184
\Gm@layoutvoffset=\dimen185
\Gm@dimlist=\toks32
 (C:\Users\Hp\AppData\Local\Programs\MiKTeX\tex/latex/geometry\geometry.cfg)) (C:\Users\Hp\AppData\Local\Programs\MiKTeX\tex/latex/biblatex\biblatex.sty
Package: biblatex 2023/03/05 v3.19 programmable bibliographies (PK/MW)
 (C:\Users\Hp\AppData\Local\Programs\MiKTeX\tex/latex/logreq\logreq.sty
Package: logreq 2010/08/04 v1.0 xml request logger
\lrq@indent=\count307
 (C:\Users\Hp\AppData\Local\Programs\MiKTeX\tex/latex/logreq\logreq.def
File: logreq.def 2010/08/04 v1.0 logreq spec v1.0
)) (C:\Users\Hp\AppData\Local\Programs\MiKTeX\tex/latex/base\ifthen.sty
Package: ifthen 2022/04/13 v1.1d Standard LaTeX ifthen package (DPC)
)
\c@tabx@nest=\count308
\c@listtotal=\count309
\c@listcount=\count310
\c@liststart=\count311
\c@liststop=\count312
\c@citecount=\count313
\c@citetotal=\count314
\c@multicitecount=\count315
\c@multicitetotal=\count316
\c@instcount=\count317
\c@maxnames=\count318
\c@minnames=\count319
\c@maxitems=\count320
\c@minitems=\count321
\c@citecounter=\count322
\c@maxcitecounter=\count323
\c@savedcitecounter=\count324
\c@uniquelist=\count325
\c@uniquename=\count326
\c@refsection=\count327
\c@refsegment=\count328
\c@maxextratitle=\count329
\c@maxextratitleyear=\count330
\c@maxextraname=\count331
\c@maxextradate=\count332
\c@maxextraalpha=\count333
\c@abbrvpenalty=\count334
\c@highnamepenalty=\count335
\c@lownamepenalty=\count336
\c@maxparens=\count337
\c@parenlevel=\count338
\blx@tempcnta=\count339
\blx@tempcntb=\count340
\blx@tempcntc=\count341
\c@blx@maxsection=\count342
\blx@maxsegment@0=\count343
\blx@notetype=\count344
\blx@parenlevel@text=\count345
\blx@parenlevel@foot=\count346
\blx@sectionciteorder@0=\count347
\blx@sectionciteorderinternal@0=\count348
\blx@entrysetcounter=\count349
\blx@biblioinstance=\count350
\labelnumberwidth=\skip59
\labelalphawidth=\skip60
\biblabelsep=\skip61
\bibitemsep=\skip62
\bibnamesep=\skip63
\bibinitsep=\skip64
\bibparsep=\skip65
\bibhang=\skip66
\blx@bcfin=\read4
\blx@bcfout=\write4
\blx@langwohyphens=\language80
\c@mincomprange=\count351
\c@maxcomprange=\count352
\c@mincompwidth=\count353
Package biblatex Info: Trying to load biblatex default data model...
Package biblatex Info: ... file 'blx-dm.def' found.
 (C:\Users\Hp\AppData\Local\Programs\MiKTeX\tex/latex/biblatex\blx-dm.def
File: blx-dm.def 2023/03/05 v3.19 biblatex localization (PK/MW)
)
Package biblatex Info: Trying to load biblatex style data model...
Package biblatex Info: ... file 'ieee.dbx' not found.
Package biblatex Info: Trying to load biblatex custom data model...
Package biblatex Info: ... file 'biblatex-dm.cfg' not found.
\c@afterword=\count354
\c@savedafterword=\count355
\c@annotator=\count356
\c@savedannotator=\count357
\c@author=\count358
\c@savedauthor=\count359
\c@bookauthor=\count360
\c@savedbookauthor=\count361
\c@commentator=\count362
\c@savedcommentator=\count363
\c@editor=\count364
\c@savededitor=\count365
\c@editora=\count366
\c@savededitora=\count367
\c@editorb=\count368
\c@savededitorb=\count369
\c@editorc=\count370
\c@savededitorc=\count371
\c@foreword=\count372
\c@savedforeword=\count373
\c@holder=\count374
\c@savedholder=\count375
\c@introduction=\count376
\c@savedintroduction=\count377
\c@namea=\count378
\c@savednamea=\count379
\c@nameb=\count380
\c@savednameb=\count381
\c@namec=\count382
\c@savednamec=\count383
\c@translator=\count384
\c@savedtranslator=\count385
\c@shortauthor=\count386
\c@savedshortauthor=\count387
\c@shorteditor=\count388
\c@savedshorteditor=\count389
\c@labelname=\count390
\c@savedlabelname=\count391
\c@institution=\count392
\c@savedinstitution=\count393
\c@lista=\count394
\c@savedlista=\count395
\c@listb=\count396
\c@savedlistb=\count397
\c@listc=\count398
\c@savedlistc=\count399
\c@listd=\count400
\c@savedlistd=\count401
\c@liste=\count402
\c@savedliste=\count403
\c@listf=\count404
\c@savedlistf=\count405
\c@location=\count406
\c@savedlocation=\count407
\c@organization=\count408
\c@savedorganization=\count409
\c@origlocation=\count410
\c@savedoriglocation=\count411
\c@origpublisher=\count412
\c@savedorigpublisher=\count413
\c@publisher=\count414
\c@savedpublisher=\count415
\c@language=\count416
\c@savedlanguage=\count417
\c@origlanguage=\count418
\c@savedoriglanguage=\count419
\c@pageref=\count420
\c@savedpageref=\count421
\shorthandwidth=\skip67
\shortjournalwidth=\skip68
\shortserieswidth=\skip69
\shorttitlewidth=\skip70
\shortauthorwidth=\skip71
\shorteditorwidth=\skip72
\locallabelnumberwidth=\skip73
\locallabelalphawidth=\skip74
\localshorthandwidth=\skip75
\localshortjournalwidth=\skip76
\localshortserieswidth=\skip77
\localshorttitlewidth=\skip78
\localshortauthorwidth=\skip79
\localshorteditorwidth=\skip80
Package biblatex Info: Trying to load compatibility code...
Package biblatex Info: ... file 'blx-compat.def' found.
 (C:\Users\Hp\AppData\Local\Programs\MiKTeX\tex/latex/biblatex\blx-compat.def
File: blx-compat.def 2023/03/05 v3.19 biblatex compatibility (PK/MW)
)
Package biblatex Info: Trying to load generic definitions...
Package biblatex Info: ... file 'biblatex.def' found.
 (C:\Users\Hp\AppData\Local\Programs\MiKTeX\tex/latex/biblatex\biblatex.def
File: biblatex.def 2023/03/05 v3.19 biblatex compatibility (PK/MW)
\c@textcitecount=\count422
\c@textcitetotal=\count423
\c@textcitemaxnames=\count424
\c@biburlbigbreakpenalty=\count425
\c@biburlbreakpenalty=\count426
\c@biburlnumpenalty=\count427
\c@biburlucpenalty=\count428
\c@biburllcpenalty=\count429
\biburlbigskip=\muskip18
\biburlnumskip=\muskip19
\biburlucskip=\muskip20
\biburllcskip=\muskip21
\c@smartand=\count430
)
Package biblatex Info: Trying to load bibliography style 'ieee'...
Package biblatex Info: ... file 'ieee.bbx' found.
 (C:\Users\Hp\AppData\Local\Programs\MiKTeX\tex/latex/biblatex-ieee\ieee.bbx
File: ieee.bbx 2024/08/14 v1.3g biblatex bibliography style
Package biblatex Info: Trying to load bibliography style 'numeric-comp'...
Package biblatex Info: ... file 'numeric-comp.bbx' found.
 (C:\Users\Hp\AppData\Local\Programs\MiKTeX\tex/latex/biblatex/bbx\numeric-comp.bbx
File: numeric-comp.bbx 2023/03/05 v3.19 biblatex bibliography style (PK/MW)
Package biblatex Info: Trying to load bibliography style 'numeric'...
Package biblatex Info: ... file 'numeric.bbx' found.
 (C:\Users\Hp\AppData\Local\Programs\MiKTeX\tex/latex/biblatex/bbx\numeric.bbx
File: numeric.bbx 2023/03/05 v3.19 biblatex bibliography style (PK/MW)
Package biblatex Info: Trying to load bibliography style 'standard'...
Package biblatex Info: ... file 'standard.bbx' found.
 (C:\Users\Hp\AppData\Local\Programs\MiKTeX\tex/latex/biblatex/bbx\standard.bbx
File: standard.bbx 2023/03/05 v3.19 biblatex bibliography style (PK/MW)
\c@bbx:relatedcount=\count431
\c@bbx:relatedtotal=\count432
))))
Package biblatex Info: Trying to load citation style 'ieee'...
Package biblatex Info: ... file 'ieee.cbx' found.
 (C:\Users\Hp\AppData\Local\Programs\MiKTeX\tex/latex/biblatex-ieee\ieee.cbx
File: ieee.cbx 2024/08/14 v1.3g biblatex citation style
Package biblatex Info: Trying to load citation style 'numeric-comp'...
Package biblatex Info: ... file 'numeric-comp.cbx' found.
 (C:\Users\Hp\AppData\Local\Programs\MiKTeX\tex/latex/biblatex/cbx\numeric-comp.cbx
File: numeric-comp.cbx 2023/03/05 v3.19 biblatex citation style (PK/MW)
\c@cbx@tempcnta=\count433
\c@cbx@tempcntb=\count434
\c@cbx@tempcntc=\count435
\c@cbx@tempcntd=\count436
Package biblatex Info: Redefining '\cite'.
Package biblatex Info: Redefining '\parencite'.
Package biblatex Info: Redefining '\footcite'.
Package biblatex Info: Redefining '\footcitetext'.
Package biblatex Info: Redefining '\smartcite'.
Package biblatex Info: Redefining '\supercite'.
Package biblatex Info: Redefining '\textcite'.
Package biblatex Info: Redefining '\textcites'.
Package biblatex Info: Redefining '\cites'.
Package biblatex Info: Redefining '\parencites'.
Package biblatex Info: Redefining '\smartcites'.
)
Package biblatex Info: Redefining '\cite'.
Package biblatex Info: Redefining '\supercite'.
Package biblatex Info: Redefining '\cites'.
)
Package biblatex Info: Trying to load configuration file...
Package biblatex Info: ... file 'biblatex.cfg' found.
 (C:\Users\Hp\AppData\Local\Programs\MiKTeX\tex/latex/biblatex\biblatex.cfg
File: biblatex.cfg 
)
Package biblatex Info: Input encoding 'utf8' detected.
Package biblatex Info: Document encoding is UTF8 ....
 (C:\Users\Hp\AppData\Local\Programs\MiKTeX\tex/latex/l3kernel\expl3.sty
Package: expl3 2024-01-04 L3 programming layer (loader) 
 (C:\Users\Hp\AppData\Local\Programs\MiKTeX\tex/latex/l3backend\l3backend-pdftex.def
File: l3backend-pdftex.def 2024-01-04 L3 backend support: PDF output (pdfTeX)
\l__color_backend_stack_int=\count437
\l__pdf_internal_box=\box60
))
Package biblatex Info: ... and expl3
(biblatex)             2024-01-04 L3 programming layer (loader) 
(biblatex)             is new enough (at least 2020/04/06),
(biblatex)             setting 'casechanger=expl3'.
 (C:\Users\Hp\AppData\Local\Programs\MiKTeX\tex/latex/biblatex\blx-case-expl3.sty (C:\Users\Hp\AppData\Local\Programs\MiKTeX\tex/latex/l3packages/xparse\xparse.sty
Package: xparse 2023-10-10 L3 Experimental document command parser
)
Package: blx-case-expl3 2023/03/05 v3.19 expl3 case changing code for biblatex
)) (C:\Users\Hp\AppData\Local\Programs\MiKTeX\tex/latex/eso-pic\eso-pic.sty
Package: eso-pic 2023/05/03 v3.0c eso-pic (RN)
\ESO@tempdima=\dimen186
\ESO@tempdimb=\dimen187
) (C:\Users\Hp\AppData\Local\Programs\MiKTeX\tex/latex/base\fontenc.sty
Package: fontenc 2021/04/29 v2.0v Standard LaTeX package
) (C:\Users\Hp\AppData\Local\Programs\MiKTeX\tex/latex/base\inputenc.sty
Package: inputenc 2021/02/14 v1.3d Input encoding file
\inpenc@prehook=\toks33
\inpenc@posthook=\toks34
) (C:\Users\Hp\AppData\Local\Programs\MiKTeX\tex/latex/tex-gyre\tgheros.sty
Package: tgheros 2009/09/27 v1.2 TeX Gyre Heros as default sans serif family
)

Package biblatex Warning: Load 'inputenc' before biblatex.


Package biblatex Warning: 'babel/polyglossia' detected but 'csquotes' missing.
(biblatex)                Loading 'csquotes' recommended.

\@quotelevel=\count438
\@quotereset=\count439
LaTeX Font Info:    Trying to load font information for T1+qhv on input line 89.
(C:\Users\Hp\AppData\Local\Programs\MiKTeX\tex/latex/tex-gyre\t1qhv.fd
File: t1qhv.fd 2009/09/25 v1.2 font definition file for T1/qhv
) (LA.aux

LaTeX Warning: Label `fig:inirujukan' multiply defined.


LaTeX Warning: Label `fig:inirujukan' multiply defined.

)
\openout1 = `LA.aux'.

LaTeX Font Info:    Checking defaults for OML/cmm/m/it on input line 89.
LaTeX Font Info:    ... okay on input line 89.
LaTeX Font Info:    Checking defaults for OMS/cmsy/m/n on input line 89.
LaTeX Font Info:    ... okay on input line 89.
LaTeX Font Info:    Checking defaults for OT1/cmr/m/n on input line 89.
LaTeX Font Info:    ... okay on input line 89.
LaTeX Font Info:    Checking defaults for T1/cmr/m/n on input line 89.
LaTeX Font Info:    ... okay on input line 89.
LaTeX Font Info:    Checking defaults for TS1/cmr/m/n on input line 89.
LaTeX Font Info:    ... okay on input line 89.
LaTeX Font Info:    Checking defaults for OMX/cmex/m/n on input line 89.
LaTeX Font Info:    ... okay on input line 89.
LaTeX Font Info:    Checking defaults for U/cmr/m/n on input line 89.
LaTeX Font Info:    ... okay on input line 89.
LaTeX Font Info:    Checking defaults for PD1/pdf/m/n on input line 89.
LaTeX Font Info:    ... okay on input line 89.
LaTeX Font Info:    Checking defaults for PU/pdf/m/n on input line 89.
LaTeX Font Info:    ... okay on input line 89.
\c@lstlisting=\count440
 (C:\Users\Hp\AppData\Local\Programs\MiKTeX\tex/context/base/mkii\supp-pdf.mkii
[Loading MPS to PDF converter (version 2006.09.02).]
\scratchcounter=\count441
\scratchdimen=\dimen188
\scratchbox=\box61
\nofMPsegments=\count442
\nofMParguments=\count443
\everyMPshowfont=\toks35
\MPscratchCnt=\count444
\MPscratchDim=\dimen189
\MPnumerator=\count445
\makeMPintoPDFobject=\count446
\everyMPtoPDFconversion=\toks36
) (C:\Users\Hp\AppData\Local\Programs\MiKTeX\tex/latex/epstopdf-pkg\epstopdf-base.sty
Package: epstopdf-base 2020-01-24 v2.11 Base part for package epstopdf
 (C:\Users\Hp\AppData\Local\Programs\MiKTeX\tex/latex/grfext\grfext.sty
Package: grfext 2019/12/03 v1.3 Manage graphics extensions (HO)
)
Package epstopdf-base Info: Redefining graphics rule for `.eps' on input line 485.
Package grfext Info: Graphics extension search list:
(grfext)             [.pdf,.png,.jpg,.mps,.jpeg,.jbig2,.jb2,.PDF,.PNG,.JPG,.JPEG,.JBIG2,.JB2,.eps]
(grfext)             \AppendGraphicsExtensions on input line 504.
 (C:\Users\Hp\AppData\Local\Programs\MiKTeX\tex/latex/00miktex\epstopdf-sys.cfg
File: epstopdf-sys.cfg 2021/03/18 v2.0 Configuration of epstopdf for MiKTeX
))
Package caption Info: Begin \AtBeginDocument code.
Package caption Info: float package is loaded.
Package caption Info: hyperref package is loaded.
Package caption Info: End \AtBeginDocument code.
Package hyperref Info: Link coloring ON on input line 89.
 (LA.out) (LA.out)
\@outlinefile=\write5
\openout5 = `LA.out'.


*geometry* driver: auto-detecting
*geometry* detected driver: pdftex
*geometry* verbose mode - [ preamble ] result:
* driver: pdftex
* paper: a4paper
* layout: <same size as paper>
* layoutoffset:(h,v)=(0.0pt,0.0pt)
* modes: 
* h-part:(L,W,R)=(56.9055pt, 483.69687pt, 56.9055pt)
* v-part:(T,H,B)=(56.9055pt, 731.23584pt, 56.9055pt)
* \paperwidth=597.50787pt
* \paperheight=845.04684pt
* \textwidth=483.69687pt
* \textheight=731.23584pt
* \oddsidemargin=-15.36449pt
* \evensidemargin=-15.36449pt
* \topmargin=-52.36449pt
* \headheight=12.0pt
* \headsep=25.0pt
* \topskip=11.0pt
* \footskip=30.0pt
* \marginparwidth=59.0pt
* \marginparsep=10.0pt
* \columnsep=10.0pt
* \skip\footins=10.0pt plus 4.0pt minus 2.0pt
* \hoffset=0.0pt
* \voffset=0.0pt
* \mag=1000
* \@twocolumnfalse
* \@twosidefalse
* \@mparswitchfalse
* \@reversemarginfalse
* (1in=72.27pt=25.4mm, 1cm=28.453pt)

Package biblatex Info: Trying to load language 'bahasa'...
Package biblatex Info: ... file 'bahasa.lbx' not found.

Package biblatex Warning: Language 'bahasa' not supported.
(biblatex)                Using dummy definitions on input line 89.

Package biblatex Info: Input encoding 'utf8' detected.
Package biblatex Info: Automatic encoding selection.
(biblatex)             Assuming data encoding 'utf8'.
\openout4 = `LA.bcf'.

Package biblatex Info: Trying to load bibliographic data...
Package biblatex Info: ... file 'LA.bbl' found.
(LA.bbl)
Package biblatex Info: Reference section=0 on input line 89.
Package biblatex Info: Reference segment=0 on input line 89.
 (Cover/Header.tex
File: Cover/img/logodepart.png Graphic file (type png)
<use Cover/img/logodepart.png>
Package pdftex.def Info: Cover/img/logodepart.png  used on input line 20.
(pdftex.def)             Requested size: 85.35826pt x 85.3363pt.
File: Cover/img/miot.png Graphic file (type png)
<use Cover/img/miot.png>
Package pdftex.def Info: Cover/img/miot.png  used on input line 20.
(pdftex.def)             Requested size: 85.35826pt x 85.35896pt.
<Cover/img/footer.png, id=58, 904.88063pt x 89.58469pt>
File: Cover/img/footer.png Graphic file (type png)
<use Cover/img/footer.png>
Package pdftex.def Info: Cover/img/footer.png  used on input line 35.
(pdftex.def)             Requested size: 483.69687pt x 47.88564pt.
 [1


{C:/Users/Hp/AppData/Local/MiKTeX/fonts/map/pdftex/pdftex.map}{C:/Users/Hp/AppData/Local/Programs/MiKTeX/fonts/enc/dvips/tex-gyre/q-ec.enc} <./Cover/img/logodepart.png> <./Cover/img/miot.png> <./Cover/img/footer.png>]) (P2/routing.tex
<image/statis2.jpg, id=70, 963.6pt x 542.025pt>
File: image/statis2.jpg Graphic file (type jpg)
<use image/statis2.jpg>
Package pdftex.def Info: image/statis2.jpg  used on input line 14.
(pdftex.def)             Requested size: 145.11053pt x 81.62279pt.
<image/statis1.png, id=71, 391.4625pt x 295.85532pt>
File: image/statis1.png Graphic file (type png)
<use image/statis1.png>
Package pdftex.def Info: image/statis1.png  used on input line 20.
(pdftex.def)             Requested size: 145.11053pt x 109.67241pt.
LaTeX Font Info:    Trying to load font information for TS1+qhv on input line 25.
 (C:\Users\Hp\AppData\Local\Programs\MiKTeX\tex/latex/tex-gyre\ts1qhv.fd
File: ts1qhv.fd 2009/09/25 v1.2 font definition file for TS1/qhv
)
<image/statis4.jpg, id=72, 963.6pt x 542.025pt>
File: image/statis4.jpg Graphic file (type jpg)
<use image/statis4.jpg>
Package pdftex.def Info: image/statis4.jpg  used on input line 30.
(pdftex.def)             Requested size: 145.11053pt x 81.62279pt.
<image/statis3.png, id=73, 457.71pt x 283.0575pt>
File: image/statis3.png Graphic file (type png)
<use image/statis3.png>
Package pdftex.def Info: image/statis3.png  used on input line 36.
(pdftex.def)             Requested size: 145.11053pt x 89.738pt.
<image/statis6.jpg, id=74, 963.6pt x 542.025pt>
File: image/statis6.jpg Graphic file (type jpg)
<use image/statis6.jpg>
Package pdftex.def Info: image/statis6.jpg  used on input line 46.
(pdftex.def)             Requested size: 145.11053pt x 81.62279pt.
<image/statis5.png, id=75, 471.26062pt x 303.38344pt>
File: image/statis5.png Graphic file (type png)
<use image/statis5.png>
Package pdftex.def Info: image/statis5.png  used on input line 52.
(pdftex.def)             Requested size: 145.11053pt x 93.4183pt.

pdfTeX warning (ext4): destination with the same identifier (name{page.1}) has been already used, duplicate ignored
<to be read again> 
                   \relax 
l.56 \end{figure}
                 
<miot.png, id=76, 200.75pt x 200.75pt>
File: miot.png Graphic file (type png)
<use miot.png>
Package pdftex.def Info: miot.png  used on input line 56.
(pdftex.def)             Requested size: 238.9995pt x 239.01491pt.
 [1

{C:/Users/Hp/AppData/Local/Programs/MiKTeX/fonts/enc/dvips/tex-gyre/q-ts1.enc} <./miot.png> <./image/statis2.jpg> <./image/statis1.png> <./image/statis4.jpg> <./image/statis3.png>]
<image/statis8.jpg, id=86, 963.6pt x 542.025pt>
File: image/statis8.jpg Graphic file (type jpg)
<use image/statis8.jpg>
Package pdftex.def Info: image/statis8.jpg  used on input line 62.
(pdftex.def)             Requested size: 145.11053pt x 81.62279pt.
<image/statis7.png, id=87, 417.81094pt x 359.84438pt>
File: image/statis7.png Graphic file (type png)
<use image/statis7.png>
Package pdftex.def Info: image/statis7.png  used on input line 68.
(pdftex.def)             Requested size: 145.11053pt x 124.98103pt.
<image/statis10.jpg, id=88, 963.6pt x 542.025pt>
File: image/statis10.jpg Graphic file (type jpg)
<use image/statis10.jpg>
Package pdftex.def Info: image/statis10.jpg  used on input line 78.
(pdftex.def)             Requested size: 145.11053pt x 81.62279pt.
<image/statis9.png, id=89, 745.28438pt x 400.49625pt>
File: image/statis9.png Graphic file (type png)
<use image/statis9.png>
Package pdftex.def Info: image/statis9.png  used on input line 84.
(pdftex.def)             Requested size: 145.11053pt x 77.97728pt.
File: image/statis2.jpg Graphic file (type jpg)
<use image/statis2.jpg>
Package pdftex.def Info: image/statis2.jpg  used on input line 97.
(pdftex.def)             Requested size: 145.11053pt x 81.62279pt.
File: image/statis1.png Graphic file (type png)
<use image/statis1.png>
Package pdftex.def Info: image/statis1.png  used on input line 103.
(pdftex.def)             Requested size: 145.11053pt x 109.67241pt.
 [2 <./image/statis6.jpg> <./image/statis5.png> <./image/statis8.jpg> <./image/statis7.png> <./image/statis10.jpg> <./image/statis9.png>]
<image/dinamis2.jpg, id=100, 963.6pt x 542.025pt>
File: image/dinamis2.jpg Graphic file (type jpg)
<use image/dinamis2.jpg>
Package pdftex.def Info: image/dinamis2.jpg  used on input line 114.
(pdftex.def)             Requested size: 145.11053pt x 81.62279pt.
<image/dinamis1.png, id=101, 477.28313pt x 297.36093pt>
File: image/dinamis1.png Graphic file (type png)
<use image/dinamis1.png>
Package pdftex.def Info: image/dinamis1.png  used on input line 120.
(pdftex.def)             Requested size: 145.11053pt x 90.40681pt.
<image/dinamis4.jpg, id=102, 963.6pt x 542.025pt>
File: image/dinamis4.jpg Graphic file (type jpg)
<use image/dinamis4.jpg>
Package pdftex.def Info: image/dinamis4.jpg  used on input line 130.
(pdftex.def)             Requested size: 145.11053pt x 81.62279pt.
<image/dinamis3.png, id=103, 486.31688pt x 347.79938pt>
File: image/dinamis3.png Graphic file (type png)
<use image/dinamis3.png>
Package pdftex.def Info: image/dinamis3.png  used on input line 136.
(pdftex.def)             Requested size: 145.11053pt x 103.77808pt.
<image/dinamis6.jpg, id=104, 963.6pt x 542.025pt>
File: image/dinamis6.jpg Graphic file (type jpg)
<use image/dinamis6.jpg>
Package pdftex.def Info: image/dinamis6.jpg  used on input line 146.
(pdftex.def)             Requested size: 145.11053pt x 81.62279pt.
<image/dinamis5.png, id=105, 593.21625pt x 376.40625pt>
File: image/dinamis5.png Graphic file (type png)
<use image/dinamis5.png>
Package pdftex.def Info: image/dinamis5.png  used on input line 152.
(pdftex.def)             Requested size: 145.11053pt x 92.07387pt.
 [3 <./image/dinamis2.jpg> <./image/dinamis1.png> <./image/dinamis4.jpg> <./image/dinamis3.png>]
<image/dinamis8.jpg, id=115, 963.6pt x 542.025pt>
File: image/dinamis8.jpg Graphic file (type jpg)
<use image/dinamis8.jpg>
Package pdftex.def Info: image/dinamis8.jpg  used on input line 162.
(pdftex.def)             Requested size: 145.11053pt x 81.62279pt.
<image/dinamis7.png, id=116, 564.60938pt x 377.91188pt>
File: image/dinamis7.png Graphic file (type png)
<use image/dinamis7.png>
Package pdftex.def Info: image/dinamis7.png  used on input line 168.
(pdftex.def)             Requested size: 145.11053pt x 97.12454pt.
File: image/statis8.jpg Graphic file (type jpg)
<use image/statis8.jpg>
Package pdftex.def Info: image/statis8.jpg  used on input line 178.
(pdftex.def)             Requested size: 145.11053pt x 81.62279pt.
File: image/statis7.png Graphic file (type png)
<use image/statis7.png>
Package pdftex.def Info: image/statis7.png  used on input line 184.
(pdftex.def)             Requested size: 145.11053pt x 124.98103pt.
<image/dinamis10.jpg, id=117, 963.6pt x 542.025pt>
File: image/dinamis10.jpg Graphic file (type jpg)
<use image/dinamis10.jpg>
Package pdftex.def Info: image/dinamis10.jpg  used on input line 194.
(pdftex.def)             Requested size: 145.11053pt x 81.62279pt.
<image/dinamis9.png, id=118, 739.26187pt x 388.45125pt>
File: image/dinamis9.png Graphic file (type png)
<use image/dinamis9.png>
Package pdftex.def Info: image/dinamis9.png  used on input line 200.
(pdftex.def)             Requested size: 145.11053pt x 76.24854pt.
 [4 <./image/dinamis6.jpg> <./image/dinamis5.png> <./image/dinamis8.jpg> <./image/dinamis7.png>]
<image/topologi.png, id=128, 211.54031pt x 154.32657pt>
File: image/topologi.png Graphic file (type png)
<use image/topologi.png>
Package pdftex.def Info: image/topologi.png  used on input line 220.
(pdftex.def)             Requested size: 241.84843pt x 176.44273pt.
 [5 <./image/dinamis10.jpg> <./image/dinamis9.png>]
<image/statiss.png, id=135, 525.46312pt x 535.2497pt>
File: image/statiss.png Graphic file (type png)
<use image/statiss.png>
Package pdftex.def Info: image/statiss.png  used on input line 228.
(pdftex.def)             Requested size: 145.11053pt x 147.81075pt.
<image/statisd.png, id=136, 526.96875pt x 536.75531pt>
File: image/statisd.png Graphic file (type png)
<use image/statisd.png>
Package pdftex.def Info: image/statisd.png  used on input line 234.
(pdftex.def)             Requested size: 145.11053pt x 147.80882pt.
<image/ospf1.png, id=137, 524.71031pt x 534.49687pt>
File: image/ospf1.png Graphic file (type png)
<use image/ospf1.png>
Package pdftex.def Info: image/ospf1.png  used on input line 245.
(pdftex.def)             Requested size: 145.11053pt x 147.8149pt.
<image/ospf2.png, id=138, 526.96875pt x 532.23843pt>
File: image/ospf2.png Graphic file (type png)
<use image/ospf2.png>
Package pdftex.def Info: image/ospf2.png  used on input line 251.
(pdftex.def)             Requested size: 145.11053pt x 146.56499pt.
<image/cekA.png, id=139, 526.21594pt x 534.49687pt>
File: image/cekA.png Graphic file (type png)
<use image/cekA.png>
Package pdftex.def Info: image/cekA.png  used on input line 260.
(pdftex.def)             Requested size: 145.11053pt x 147.3908pt.
<image/cekB.png, id=140, 526.21594pt x 532.99126pt>
File: image/cekB.png Graphic file (type png)
<use image/cekB.png>
Package pdftex.def Info: image/cekB.png  used on input line 266.
(pdftex.def)             Requested size: 145.11053pt x 146.97562pt.
 [6 <./image/topologi.png> <./image/statiss.png> <./image/statisd.png> <./image/ospf1.png> <./image/ospf2.png>]
<image/hasil.png, id=154, 526.96875pt x 352.31625pt>
File: image/hasil.png Graphic file (type png)
<use image/hasil.png>
Package pdftex.def Info: image/hasil.png  used on input line 274.
(pdftex.def)             Requested size: 241.84843pt x 161.6965pt.
<image/lampiran.jpg, id=155, 3035.34pt x 4047.12pt>
File: image/lampiran.jpg Graphic file (type jpg)
<use image/lampiran.jpg>
Package pdftex.def Info: image/lampiran.jpg  used on input line 285.
(pdftex.def)             Requested size: 314.40001pt x 419.18614pt.
 [7 <./image/cekA.png> <./image/cekB.png> <./image/hasil.png>]) [8 <./image/lampiran.jpg>] (LA.aux)
 ***********
LaTeX2e <2023-11-01> patch level 1
L3 programming layer <2024-01-04>
 ***********


LaTeX Warning: There were multiply-defined labels.

Package rerunfilecheck Info: File `LA.out' has not changed.
(rerunfilecheck)             Checksum: FE9744E77D9592BB4AB956C61643E324;2066.
Package logreq Info: Writing requests to 'LA.run.xml'.
\openout1 = `LA.run.xml'.

 ) 
Here is how much of TeX's memory you used:
 21718 strings out of 474485
 379830 string characters out of 5745149
 1936542 words of memory out of 5000000
 43693 multiletter control sequences out of 15000+600000
 610372 words of font info for 66 fonts, out of 8000000 for 9000
 1141 hyphenation exceptions out of 8191
 75i,12n,81p,1322b,600s stack positions out of 10000i,1000n,20000p,200000b,200000s
<C:/Users/Hp/AppData/Local/Programs/MiKTeX/fonts/type1/public/tex-gyre/qhvb.pfb><C:/Users/Hp/AppData/Local/Programs/MiKTeX/fonts/type1/public/tex-gyre/qhvbi.pfb><C:/Users/Hp/AppData/Local/Programs/MiKTeX/fonts/type1/public/tex-gyre/qhvr.pfb>
Output written on LA.pdf (9 pages, 2533837 bytes).
PDF statistics:
 200 PDF objects out of 1000 (max. 8388607)
 40 named destinations out of 1000 (max. 500000)
 270 words of extra memory for PDF output out of 10000 (max. 10000000)

